C51 COMPILER V9.54   T02                                                                   01/18/2019 10:58:00 PAGE 1   


C51 COMPILER V9.54, COMPILATION OF MODULE T02
OBJECT MODULE PLACED IN .\Objects\T02.obj
COMPILER INVOKED BY: C:\Keil_v5NEW\C51\BIN\C51.EXE T02.c OPTIMIZE(8,SPEED) BROWSE DEBUG OBJECTEXTEND PRINT(.\Listings\T0
                    -2.lst) TABS(8) OBJECT(.\Objects\T02.obj)

line level    source

   1          #include "stdhead.h"
   2          #include "reg52.h"
   3          #include "i2c.h"
   4          uc  code se[17]={0x3f,0x06,0x5b,0x4f,0x66,0x6d,0x7d,0x07,
   5                                                       0x7f,0x6f,0x77,0x7c,0x39,0x5e,0x79,0x71,0};
   6          typedef unsigned char u8;
   7          typedef unsigned int u32;
   8          
   9          void delay1(ui i)
  10          {
  11   1              while(i--);
  12   1      }
  13          void main()
  14          {
  15   1              char t;
  16   1              bit flag=0;
  17   1              t=At24c02Read(0xa0);
  18   1              if(t>=9) t=0;   
  19   1                      t=t+1;
  20   1               if(t>=5) flag=1;
  21   1              At24c02Write(0xa0,t);
  22   1              we(0);
  23   1              while(1)
  24   1              {        
  25   2                         if(flag)
  26   2                         {
  27   3                         P0=se[t];
  28   3                      delay1(10000);
  29   3                          P0=0;
  30   3                      delay1(10000);
  31   3                         }
  32   2                         else P0=se[t];
  33   2                       
  34   2              }
  35   1              
  36   1              
  37   1      }
  38          //void delay(u8 t)
  39          //{       u8 i;
  40          //      while(t--)
  41          //      {
  42          //              for( i=0;i<150;i++)  ;
  43          //              
  44          //      }
  45          //}
  46          //u8 keynum;
  47          //void keyscan()
  48          //{
  49          //      P1=0x0f;
  50          //      if(P1!=0x0f)
  51          //      {
  52          //              switch(P1>>4)
  53          //              {
  54          //                      case 1:keynum=1;
C51 COMPILER V9.54   T02                                                                   01/18/2019 10:58:00 PAGE 2   

  55          //              }               
  56          //      }
  57          //      
  58          //}
  59          //void turn(u8 t)
  60          //{
  61          //      F=1;
  62          //      delay(t);
  63          //      F=0;
  64          //      delay(t);
  65          //}
  66          //void main()
  67          //{       u8 j=15;
  68          //      u32 time=0 ;
  69          //      while(1)
  70          //      {
  71          //      turn(j);
  72          //      
  73          //              
  74          //      }
  75          //              
  76          //}


MODULE INFORMATION:   STATIC OVERLAYABLE
   CODE SIZE        =    117    ----
   CONSTANT SIZE    =     17    ----
   XDATA SIZE       =   ----    ----
   PDATA SIZE       =   ----    ----
   DATA SIZE        =   ----       1
   IDATA SIZE       =   ----    ----
   BIT SIZE         =   ----       1
END OF MODULE INFORMATION.


C51 COMPILATION COMPLETE.  0 WARNING(S),  0 ERROR(S)
