C51 COMPILER V9.54   STDHEAD                                                               01/18/2019 13:56:36 PAGE 1   


C51 COMPILER V9.54, COMPILATION OF MODULE STDHEAD
OBJECT MODULE PLACED IN .\Objects\stdhead.obj
COMPILER INVOKED BY: C:\Keil_v5NEW\C51\BIN\C51.EXE stdhead.c OPTIMIZE(8,SPEED) BROWSE DEBUG OBJECTEXTEND PRINT(.\Listing
                    -s\stdhead.lst) TABS(8) OBJECT(.\Objects\stdhead.obj)

line level    source

   1          #include "stdhead.h"
   2          #include "reg52.h"
   3          //#include "i2c.h"
   4          ui th1,tl1,th0,tl0;
   5          uc keynum=-1;
   6          uc  code du[17]={0x3f,0x06,0x5b,0x4f,0x66,0x6d,0x7d,0x07,
   7                                                       0x7f,0x6f,0x77,0x7c,0x39,0x5e,0x79,0x71,0};
   8           void delay(unsigned int i)   //i=1 10us
   9          {
  10   1              while(i--);
  11   1      }
  12          
  13          
  14          void we(char i)   //0~7
  15          {
  16   1              switch(i)
  17   1              {
  18   2                      case 0:LSA=0,LSB=0,LSC=0;break;
  19   2                      case 1:LSA=1,LSB=0,LSC=0;break;
  20   2                      case 2:LSA=0,LSB=1,LSC=0;break;
  21   2                      case 3:LSA=1,LSB=1,LSC=0;break;
  22   2                      case 4:LSA=0,LSB=0,LSC=1;break;
  23   2                      case 5:LSA=1,LSB=0,LSC=1;break;
  24   2                      case 6:LSA=0,LSB=1,LSC=1;break;
  25   2                      case 7:LSA=1,LSB=1,LSC=1;
  26   2              }
  27   1      }
  28          ui th1,tl1,th0,tl0;
  29          void timer0(ui t)    //      t  ms
  30          {
  31   1              TMOD=0X01;
  32   1              th0=(65536-1000*t)/256;
  33   1              tl0=(65536-1000*t)%256;
  34   1              TH0=th0;
  35   1              TL0=tl0;
  36   1              ET0=1;
  37   1              EA=1;
  38   1              TR0=1;  
  39   1      }
  40          
  41          void timer1(ui t)      //  t    ms
  42          {
  43   1         TMOD=0X01;
  44   1              th1=(65536-1000*t)/256;
  45   1              tl1=(65536-1000*t)%256;
  46   1              TH1=th1;
  47   1              TL1=tl1;
  48   1              ET0=1;
  49   1              EA=1;
  50   1              TR0=1;  
  51   1      }
  52          
  53          void uart ()            //4800
  54          {
C51 COMPILER V9.54   STDHEAD                                                               01/18/2019 13:56:36 PAGE 2   

  55   1         TMOD=0x20;
  56   1              PCON=0X80;                      
  57   1              TH1=0XF3;                       
  58   1              TL1=0XF3;
  59   1               TR1=1;
  60   1               SCON=0x50;
  61   1               EA=1;
  62   1               ES=1;
  63   1      }
  64          void display(uc j,ui t)     // j   we,  t    num
  65          {
  66   1              char n[8],i,m=1;
  67   1              for(i=0;i<j;i++)
  68   1              {
  69   2                      n[i]=t%10;
  70   2                      t=t/10;
  71   2              }
  72   1              for(i=j;i>0;i--)
  73   1              { 
  74   2                      if(n[i]==0)   n[i]=16;
  75   2                      if(     n[i-1]!=0)   break;
  76   2              }
  77   1              for(i=j-1;i>=0;i--)
  78   1              {
  79   2                 P0=0;
  80   2                      we(i);
  81   2                      m=n[i];
  82   2                      P0=du[m];
  83   2                      delay(10);
  84   2                      }
  85   1      }
  86          
  87          int key()       //key()
  88          {
  89   1              char a=0;
  90   1              P1=0x0f;
  91   1              if(P1!=0x0f)
  92   1              {
  93   2                      delay(1000);
  94   2                      if(P1!=0x0f)
  95   2                      {       
  96   3                              P1=0X0F;
  97   3                              switch(P1)
  98   3                              {
  99   4                                      case(0X07):     keynum=0;break;
 100   4                                      case(0X0b):     keynum=1;break;
 101   4                                      case(0X0d): keynum=2;break;
 102   4                                      case(0X0e):     keynum=3;break;
 103   4                              }
 104   3                              
 105   3                              P1=0XF0;
 106   3                              switch(P1)
 107   3                              {
 108   4                                      case(0X70):      keynum=keynum;break;
 109   4                                      case(0Xb0): keynum=keynum+4;break;
 110   4                                      case(0Xd0):  keynum=keynum+8;break;
 111   4                                      case(0Xe0):     keynum=keynum+12;break;
 112   4                              }
 113   3                              while((a<50)&&(P1!=0xf0))        
 114   3                              {
 115   4                                      delay(1000);
 116   4                                      a++;
C51 COMPILER V9.54   STDHEAD                                                               01/18/2019 13:56:36 PAGE 3   

 117   4                              }       
 118   3                        return keynum;
 119   3                               
 120   3                      }
 121   2                      else return -1;
 122   2              }
 123   1          else return -1;
 124   1                      }


MODULE INFORMATION:   STATIC OVERLAYABLE
   CODE SIZE        =    616    ----
   CONSTANT SIZE    =     17    ----
   XDATA SIZE       =   ----    ----
   PDATA SIZE       =   ----    ----
   DATA SIZE        =      9      16
   IDATA SIZE       =   ----    ----
   BIT SIZE         =   ----    ----
END OF MODULE INFORMATION.


C51 COMPILATION COMPLETE.  0 WARNING(S),  0 ERROR(S)
